-------------------------------------------------------------------------------
Test set: StatMapperTest
-------------------------------------------------------------------------------
Tests run: 2, Failures: 0, Errors: 1, Skipped: 0, Time elapsed: 0.104 s <<< FAILURE! - in StatMapperTest
queryDateTest  Time elapsed: 0 s  <<< ERROR!
org.apache.ibatis.binding.BindingException: Invalid bound statement (not found): com.xjtuse.mall.mapper.admin.StatMapper.queryAllOrderDate
	at StatMapperTest.queryDateTest(StatMapperTest.java:18)

